10:11:46.847  INFO  manager.ApplicationManager - All test start in Chrome Browser
10:11:49.240  INFO  manager.ApplicationManager - Current Url -->https://telranedu.web.app/home
10:11:49.316  INFO  tests.TestBase - The name of starts method --->loginSuccess
10:11:49.328  INFO  manager.ListenerWD - Befor find elementsBy.xpath: //button[text()='Sign Out']
10:11:54.399  INFO  manager.ListenerWD - After find elementBy.xpath: //button[text()='Sign Out']
10:11:54.406  INFO  manager.ListenerWD - List size is-->0
10:11:54.409  INFO  tests.TestBase - Login with valid data: email:'benb@gmail.com' password:'Beny$123456' 
10:11:54.412  INFO  manager.ListenerWD - Befor find elementBy.xpath: //a[text()='L']
10:11:59.494  INFO  manager.ListenerWD - Test ends with error
10:11:59.495  INFO  manager.ListenerWD - ***************************************
10:11:59.496  INFO  manager.ListenerWD - Method methodfindElement
10:11:59.496  INFO  manager.ListenerWD - ***************************************
10:11:59.497  INFO  manager.ListenerWD - InvocationTargetExceptionnull
10:11:59.497  INFO  manager.ListenerWD - ***************************************
10:11:59.500  INFO  manager.ListenerWD - InvocationTargetExceptionorg.openqa.selenium.NoSuchElementException: no such element: Unable to locate element: {"method":"xpath","selector":"//a[text()='L']"}
  (Session info: chrome=109.0.5414.119)
For documentation on this error, please visit: https://selenium.dev/exceptions/#no_such_element
Build info: version: '4.7.1', revision: 'c6795baf1a3'
System info: os.name: 'Windows 10', os.arch: 'amd64', os.version: '10.0', java.version: '11.0.17'
Driver info: org.openqa.selenium.chrome.ChromeDriver
Command: [3c72cc574423835e71bed1db3a3654bf, findElement {using=xpath, value=//a[text()='L']}]
Capabilities {acceptInsecureCerts: false, browserName: chrome, browserVersion: 109.0.5414.119, chrome: {chromedriverVersion: 108.0.5359.71 (1e0e3868ee06..., userDataDir: C:\Users\ALEKSA~1\AppData\L...}, goog:chromeOptions: {debuggerAddress: localhost:65128}, networkConnectionEnabled: false, pageLoadStrategy: normal, platformName: WINDOWS, proxy: Proxy(), se:cdp: ws://localhost:65128/devtoo..., se:cdpVersion: 109.0.5414.119, setWindowRect: true, strictFileInteractability: false, timeouts: {implicit: 0, pageLoad: 300000, script: 30000}, unhandledPromptBehavior: dismiss and notify, webauthn:extension:credBlob: true, webauthn:extension:largeBlob: true, webauthn:virtualAuthenticators: true}
Session ID: 3c72cc574423835e71bed1db3a3654bf
10:11:59.501  INFO  manager.ListenerWD - ***************************************
10:11:59.502  INFO  manager.ListenerWD - InvocationTargetExceptionorg.openqa.selenium.NoSuchElementException: no such element: Unable to locate element: {"method":"xpath","selector":"//a[text()='L']"}
  (Session info: chrome=109.0.5414.119)
For documentation on this error, please visit: https://selenium.dev/exceptions/#no_such_element
Build info: version: '4.7.1', revision: 'c6795baf1a3'
System info: os.name: 'Windows 10', os.arch: 'amd64', os.version: '10.0', java.version: '11.0.17'
Driver info: org.openqa.selenium.chrome.ChromeDriver
Command: [3c72cc574423835e71bed1db3a3654bf, findElement {using=xpath, value=//a[text()='L']}]
Capabilities {acceptInsecureCerts: false, browserName: chrome, browserVersion: 109.0.5414.119, chrome: {chromedriverVersion: 108.0.5359.71 (1e0e3868ee06..., userDataDir: C:\Users\ALEKSA~1\AppData\L...}, goog:chromeOptions: {debuggerAddress: localhost:65128}, networkConnectionEnabled: false, pageLoadStrategy: normal, platformName: WINDOWS, proxy: Proxy(), se:cdp: ws://localhost:65128/devtoo..., se:cdpVersion: 109.0.5414.119, setWindowRect: true, strictFileInteractability: false, timeouts: {implicit: 0, pageLoad: 300000, script: 30000}, unhandledPromptBehavior: dismiss and notify, webauthn:extension:credBlob: true, webauthn:extension:largeBlob: true, webauthn:virtualAuthenticators: true}
Session ID: 3c72cc574423835e71bed1db3a3654bf
10:11:59.503  INFO  manager.ListenerWD - ***************************************
10:11:59.504  INFO  manager.ListenerWD - Object targetChromeDriver: chrome on WINDOWS (3c72cc574423835e71bed1db3a3654bf)
10:11:59.504  INFO  manager.ListenerWD - ***************************************
